{"/Users/bybi/learn/nodejs/library-api/__tests__/unit/authors/create.js": {"path":"/Users/bybi/learn/nodejs/library-api/__tests__/unit/authors/create.js","statementMap":{"0":{"start":{"line":3,"column":20},"end":{"line":13,"column":5}},"1":{"start":{"line":14,"column":4},"end":{"line":14,"column":34}},"2":{"start":{"line":18,"column":0},"end":{"line":18,"column":23}}},"fnMap":{"0":{"name":"create","decl":{"start":{"line":1,"column":9},"end":{"line":1,"column":15}},"loc":{"start":{"line":1,"column":22},"end":{"line":16,"column":1}},"line":1}},"branchMap":{},"s":{"0":1,"1":1,"2":1},"f":{"0":1},"b":{},"_coverageSchema":"1a1c01bbd47fc00a2c39e90264f33305004495a9","hash":"6d476bc582288627d9a7324e49022eb1fd99f529"}
}
